[INFO] Scanning for projects...
[INFO] 
[INFO] ---------------------< com.example:jaxrs_resteasy >---------------------
[INFO] Building jaxrs_resteasy 0.0.1-SNAPSHOT
[INFO]   from pom.xml
[INFO] --------------------------------[ jar ]---------------------------------
[INFO] 
[INFO] --- dependency:3.5.0:tree (default-cli) @ jaxrs_resteasy ---
[INFO] com.example:jaxrs_resteasy:jar:0.0.1-SNAPSHOT
[INFO] +- org.springframework.boot:spring-boot-starter-web:jar:3.1.0:compile
[INFO] |  +- org.springframework.boot:spring-boot-starter:jar:3.1.0:compile
[INFO] |  |  +- org.springframework.boot:spring-boot:jar:3.1.0:compile
[INFO] |  |  +- org.springframework.boot:spring-boot-autoconfigure:jar:3.1.0:compile
[INFO] |  |  +- org.springframework.boot:spring-boot-starter-logging:jar:3.1.0:compile
[INFO] |  |  |  +- ch.qos.logback:logback-classic:jar:1.4.7:compile
[INFO] |  |  |  |  \- ch.qos.logback:logback-core:jar:1.4.7:compile
[INFO] |  |  |  +- org.apache.logging.log4j:log4j-to-slf4j:jar:2.20.0:compile
[INFO] |  |  |  |  \- org.apache.logging.log4j:log4j-api:jar:2.20.0:compile
[INFO] |  |  |  \- org.slf4j:jul-to-slf4j:jar:2.0.7:compile
[INFO] |  |  +- jakarta.annotation:jakarta.annotation-api:jar:2.1.1:compile
[INFO] |  |  \- org.yaml:snakeyaml:jar:1.33:compile
[INFO] |  +- org.springframework.boot:spring-boot-starter-json:jar:3.1.0:compile
[INFO] |  +- org.springframework.boot:spring-boot-starter-tomcat:jar:3.1.0:compile
[INFO] |  |  +- org.apache.tomcat.embed:tomcat-embed-core:jar:10.1.8:compile
[INFO] |  |  +- org.apache.tomcat.embed:tomcat-embed-el:jar:10.1.8:compile
[INFO] |  |  \- org.apache.tomcat.embed:tomcat-embed-websocket:jar:10.1.8:compile
[INFO] |  +- org.springframework:spring-web:jar:6.0.9:compile
[INFO] |  |  +- org.springframework:spring-beans:jar:6.0.9:compile
[INFO] |  |  \- io.micrometer:micrometer-observation:jar:1.11.0:compile
[INFO] |  |     \- io.micrometer:micrometer-commons:jar:1.11.0:compile
[INFO] |  \- org.springframework:spring-webmvc:jar:6.0.9:compile
[INFO] |     +- org.springframework:spring-aop:jar:6.0.9:compile
[INFO] |     +- org.springframework:spring-context:jar:6.0.9:compile
[INFO] |     \- org.springframework:spring-expression:jar:6.0.9:compile
[INFO] +- javax.ws.rs:javax.ws.rs-api:jar:2.1.1:compile
[INFO] +- org.jboss.resteasy:resteasy-spring-boot-starter:jar:4.9.2.Final:runtime
[INFO] |  +- org.jboss.resteasy:resteasy-core:jar:4.7.3.Final:runtime
[INFO] |  |  +- org.jboss.spec.javax.annotation:jboss-annotations-api_1.3_spec:jar:2.0.1.Final:runtime
[INFO] |  |  +- org.jboss.spec.javax.ws.rs:jboss-jaxrs-api_2.1_spec:jar:2.0.1.Final:runtime
[INFO] |  |  +- org.jboss.spec.javax.xml.bind:jboss-jaxb-api_2.3_spec:jar:2.0.0.Final:runtime
[INFO] |  |  +- org.reactivestreams:reactive-streams:jar:1.0.4:runtime
[INFO] |  |  +- jakarta.activation:jakarta.activation-api:jar:2.1.2:runtime
[INFO] |  |  +- com.ibm.async:asyncutil:jar:0.1.0:runtime
[INFO] |  |  \- io.smallrye.config:smallrye-config:jar:2.3.0:runtime
[INFO] |  |     \- io.smallrye.config:smallrye-config-core:jar:2.3.0:runtime
[INFO] |  |        +- org.eclipse.microprofile.config:microprofile-config-api:jar:2.0:runtime
[INFO] |  |        +- io.smallrye.common:smallrye-common-annotation:jar:1.6.0:runtime
[INFO] |  |        +- io.smallrye.common:smallrye-common-expression:jar:1.6.0:runtime
[INFO] |  |        |  \- io.smallrye.common:smallrye-common-function:jar:1.6.0:runtime
[INFO] |  |        +- io.smallrye.common:smallrye-common-constraint:jar:1.6.0:runtime
[INFO] |  |        +- io.smallrye.common:smallrye-common-classloader:jar:1.6.0:runtime
[INFO] |  |        \- io.smallrye.config:smallrye-config-common:jar:2.3.0:runtime
[INFO] |  +- org.jboss.resteasy:resteasy-core-spi:jar:4.7.3.Final:runtime
[INFO] |  +- org.jboss.resteasy:resteasy-servlet-initializer:jar:4.7.3.Final:runtime
[INFO] |  +- org.jboss.resteasy:resteasy-spring:jar:4.7.3.Final:runtime
[INFO] |  |  +- org.jboss.resteasy:resteasy-client:jar:4.7.3.Final:runtime
[INFO] |  |  |  +- org.jboss.resteasy:resteasy-client-api:jar:4.7.3.Final:runtime
[INFO] |  |  |  \- commons-io:commons-io:jar:2.9.0:runtime
[INFO] |  |  \- org.apache.httpcomponents:httpclient:jar:4.5.13:runtime
[INFO] |  |     +- org.apache.httpcomponents:httpcore:jar:4.4.16:runtime
[INFO] |  |     \- commons-logging:commons-logging:jar:1.2:runtime
[INFO] |  +- org.jboss.resteasy:resteasy-jackson2-provider:jar:4.7.3.Final:runtime
[INFO] |  |  \- com.github.java-json-tools:json-patch:jar:1.13:runtime
[INFO] |  |     +- com.github.java-json-tools:msg-simple:jar:1.2:runtime
[INFO] |  |     |  \- com.github.java-json-tools:btf:jar:1.3:runtime
[INFO] |  |     \- com.github.java-json-tools:jackson-coreutils:jar:2.0:runtime
[INFO] |  +- javax.servlet:javax.servlet-api:jar:3.1.0:runtime
[INFO] |  +- javax.annotation:javax.annotation-api:jar:1.3.2:runtime
[INFO] |  +- org.glassfish:javax.json:jar:1.1.2:runtime
[INFO] |  |  \- javax.json:javax.json-api:jar:1.1.2:runtime
[INFO] |  +- org.slf4j:slf4j-api:jar:2.0.7:compile
[INFO] |  +- org.jboss.logging:jboss-logging:jar:3.5.0.Final:runtime
[INFO] |  +- com.fasterxml.jackson.core:jackson-databind:jar:2.15.0:compile
[INFO] |  |  \- com.fasterxml.jackson.core:jackson-core:jar:2.15.0:compile
[INFO] |  +- com.fasterxml.jackson.jaxrs:jackson-jaxrs-json-provider:jar:2.15.0:runtime
[INFO] |  |  +- com.fasterxml.jackson.jaxrs:jackson-jaxrs-base:jar:2.15.0:runtime
[INFO] |  |  \- com.fasterxml.jackson.module:jackson-module-jaxb-annotations:jar:2.15.0:runtime
[INFO] |  +- com.fasterxml.jackson.datatype:jackson-datatype-jdk8:jar:2.15.0:compile
[INFO] |  +- com.fasterxml.jackson.module:jackson-module-parameter-names:jar:2.15.0:compile
[INFO] |  +- com.fasterxml.jackson.datatype:jackson-datatype-jsr310:jar:2.15.0:compile
[INFO] |  +- com.fasterxml.jackson.core:jackson-annotations:jar:2.15.0:compile
[INFO] |  +- com.google.guava:guava:jar:29.0-jre:runtime
[INFO] |  |  +- com.google.guava:failureaccess:jar:1.0.1:runtime
[INFO] |  |  +- com.google.guava:listenablefuture:jar:9999.0-empty-to-avoid-conflict-with-guava:runtime
[INFO] |  |  +- com.google.code.findbugs:jsr305:jar:3.0.2:runtime
[INFO] |  |  +- org.checkerframework:checker-qual:jar:2.11.1:runtime
[INFO] |  |  +- com.google.errorprone:error_prone_annotations:jar:2.3.4:runtime
[INFO] |  |  \- com.google.j2objc:j2objc-annotations:jar:1.3:runtime
[INFO] |  +- jakarta.validation:jakarta.validation-api:jar:3.0.2:runtime
[INFO] |  +- commons-codec:commons-codec:jar:1.15:runtime
[INFO] |  +- org.junit.platform:junit-platform-commons:jar:1.9.3:runtime
[INFO] |  |  \- org.apiguardian:apiguardian-api:jar:1.1.2:runtime
[INFO] |  \- org.ow2.asm:asm:jar:9.0:runtime
[INFO] \- org.springframework.boot:spring-boot-starter-test:jar:3.1.0:test
[INFO]    +- org.springframework.boot:spring-boot-test:jar:3.1.0:test
[INFO]    +- org.springframework.boot:spring-boot-test-autoconfigure:jar:3.1.0:test
[INFO]    +- com.jayway.jsonpath:json-path:jar:2.8.0:test
[INFO]    +- jakarta.xml.bind:jakarta.xml.bind-api:jar:4.0.0:runtime
[INFO]    +- net.minidev:json-smart:jar:2.4.10:test
[INFO]    |  \- net.minidev:accessors-smart:jar:2.4.9:test
[INFO]    +- org.assertj:assertj-core:jar:3.24.2:test
[INFO]    |  \- net.bytebuddy:byte-buddy:jar:1.14.4:test
[INFO]    +- org.hamcrest:hamcrest:jar:2.2:test
[INFO]    +- org.junit.jupiter:junit-jupiter:jar:5.9.3:test
[INFO]    |  +- org.junit.jupiter:junit-jupiter-api:jar:5.9.3:test
[INFO]    |  |  \- org.opentest4j:opentest4j:jar:1.2.0:test
[INFO]    |  +- org.junit.jupiter:junit-jupiter-params:jar:5.9.3:test
[INFO]    |  \- org.junit.jupiter:junit-jupiter-engine:jar:5.9.3:test
[INFO]    |     \- org.junit.platform:junit-platform-engine:jar:1.9.3:test
[INFO]    +- org.mockito:mockito-core:jar:5.3.1:test
[INFO]    |  +- net.bytebuddy:byte-buddy-agent:jar:1.14.4:test
[INFO]    |  \- org.objenesis:objenesis:jar:3.3:test
[INFO]    +- org.mockito:mockito-junit-jupiter:jar:5.3.1:test
[INFO]    +- org.skyscreamer:jsonassert:jar:1.5.1:test
[INFO]    |  \- com.vaadin.external.google:android-json:jar:0.0.20131108.vaadin1:test
[INFO]    +- org.springframework:spring-core:jar:6.0.9:compile
[INFO]    |  \- org.springframework:spring-jcl:jar:6.0.9:compile
[INFO]    +- org.springframework:spring-test:jar:6.0.9:test
[INFO]    \- org.xmlunit:xmlunit-core:jar:2.9.1:test
[INFO] ------------------------------------------------------------------------
[INFO] BUILD SUCCESS
[INFO] ------------------------------------------------------------------------
[INFO] Total time:  1.481 s
[INFO] Finished at: 2023-06-20T07:14:40+02:00
[INFO] ------------------------------------------------------------------------
[WARNING] 
[WARNING] Plugin validation issues were detected in 2 plugin(s)
[WARNING] 
[WARNING]  * org.apache.maven.plugins:maven-site-plugin:3.12.1
[WARNING]  * org.apache.maven.plugins:maven-dependency-plugin:3.5.0
[WARNING] 
[WARNING] For more or less details, use 'maven.plugin.validation' property with one of the values (case insensitive): [BRIEF, DEFAULT, VERBOSE]
[WARNING] 
